
****************************************************************
****************************************************************
2023-04-11 15:30:06
Solver=MUMPS
N=64,m=64,k=[20.0]
q_method=MG,maxq=0.1
gtol=1e-10,noise_level=0.0
-----------------------------
total_iter=9,max_iter=30
t_avg=2.83,t_total=28.27
-----------------------------
relative_model_error:
[1.0, 0.5381333784480702, 0.3750918741578802, 0.28654029300584755, 0.1252338870907542, 0.0479901042802438, 0.027334649167010356, 0.02376031265276955, 0.022213496058473007, 0.022051058384751864]
-----------------------------
J(qt)=0.00014522312660981447
J(q0)=0.18228683256098568
J(qt)/J(q0)=0.0007966737068692484
Tnf=10,t_avg_f=2.827
-----------------------------
relative_data_error(J):
[1.0, 0.7250983339459204, 0.10329699868888073, 0.05599302199279159, 0.010853269843707998, 0.0017293279279378124, 0.0009124457586114204, 0.0007711191692221606, 0.0007331076818423694, 0.000729997202214091]
****************************************************************
****************************************************************
2023-04-11 15:30:20
Solver=NET
N=64,m=64,k=[20.0]
q_method=MG,maxq=0.1
gtol=1e-10,noise_level=0.0
-----------------------------
total_iter=10,max_iter=30
t_avg=0.17,t_total=1.83
-----------------------------
relative_model_error:
[1.0, 0.5290491992218506, 0.3589573059604995, 0.27715400138793855, 0.12091283206026324, 0.052416127470385314, 0.03372606004132372, 0.030319911746273936, 0.028953314126460426, 0.027996682325620338, 0.02748702374428867]
-----------------------------
J(qt)=1.4036773748269255e-05
J(q0)=0.18228681887085332
J(qt)/J(q0)=7.700377808564445e-05
Tnf=11,t_avg_f=0.16636363636363638
-----------------------------
relative_data_error(J):
[1.0, 0.6515385079572322, 0.09435066680564165, 0.052251614212752415, 0.009059450207639602, 0.0012466824293559057, 0.00035281067766763404, 0.00014673838507408646, 0.00010077405410149929, 8.199652196810525e-05, 7.660666970217294e-05]
****************************************************************
****************************************************************
2023-04-11 15:31:06
Solver=MUMPS
N=64,m=64,k=[40.0]
q_method=MG,maxq=0.1
gtol=1e-10,noise_level=0.0
-----------------------------
total_iter=10,max_iter=30
t_avg=3.19,t_total=35.04
-----------------------------
relative_model_error:
[1.0, 0.6637871388824336, 0.44753592836306505, 0.24065955613354328, 0.13887978523822292, 0.07915914186006691, 0.0636198263879068, 0.06167281851327738, 0.06176461317861393, 0.061929222086393336, 0.062215870492290486]
-----------------------------
J(qt)=0.03790454887769578
J(q0)=0.7034427162887631
J(qt)/J(q0)=0.0538843433871536
Tnf=12,t_avg_f=2.92
-----------------------------
relative_data_error(J):
[1.0, 0.42185223251919485, 0.17373689126197858, 0.07824102308218292, 0.05664140520269587, 0.05102048069282088, 0.05004044393078046, 0.04988151136623721, 0.04985976120311098, 0.04984625619986267, 0.04984241793578157]
****************************************************************
****************************************************************
2023-04-11 15:31:21
Solver=NET
N=64,m=64,k=[40.0]
q_method=MG,maxq=0.1
gtol=1e-10,noise_level=0.0
-----------------------------
total_iter=11,max_iter=30
t_avg=0.17,t_total=2.04
-----------------------------
relative_model_error:
[1.0, 0.5403579997653243, 0.38091810222482425, 0.3103402806778198, 0.13413127262861282, 0.07272864099791626, 0.041778552316975893, 0.03227264288639871, 0.027185579550209876, 0.021621836084044693, 0.019456692475002597, 0.018562763415920412]
-----------------------------
J(qt)=0.0001645677856165176
J(q0)=0.7034426996999077
J(qt)/J(q0)=0.00023394625558943616
Tnf=12,t_avg_f=0.17
-----------------------------
relative_data_error(J):
[1.0, 0.6459983253795972, 0.10060744083031603, 0.06130518037708812, 0.009054038493523995, 0.002589563049173849, 0.0016118718929607656, 0.000483173476742252, 0.00033911631788218806, 0.0002438264365414113, 0.00021829202934708285, 0.00021232992580777688]
