
****************************************************************
****************************************************************
2023-04-11 15:46:36
Solver=MUMPS
N=64,m=64,k=[20.0]
q_method=G,maxq=0.1
gtol=1e-10,noise_level=0.0
-----------------------------
total_iter=8,max_iter=30
t_avg=3.37,t_total=30.30
-----------------------------
relative_model_error:
[1.0, 0.7215855535583784, 0.5533823270072337, 0.1772545488319629, 0.08044063512359004, 0.027348450900294648, 0.023817695073890754, 0.023221588521116332, 0.023123673844358376]
-----------------------------
J(qt)=9.883129188729575e-05
J(q0)=0.12389480015003732
J(qt)/J(q0)=0.0007977033077062999
Tnf=10,t_avg_f=3.0300000000000002
-----------------------------
relative_data_error(J):
[1.0, 0.356233907744461, 0.18299769966503895, 0.015558577827999515, 0.0033086807377214577, 0.0008528834900520603, 0.0007516187093910165, 0.0007096888494289519, 0.0007077662536825538]
****************************************************************
****************************************************************
2023-04-11 15:46:51
Solver=NET
N=64,m=64,k=[20.0]
q_method=G,maxq=0.1
gtol=1e-10,noise_level=0.0
-----------------------------
total_iter=8,max_iter=30
t_avg=0.19,t_total=1.67
-----------------------------
relative_model_error:
[1.0, 0.7146777502618658, 0.5435360767057852, 0.19976690625312257, 0.09719009366039022, 0.03569684732804344, 0.027049374499625897, 0.025860065007079457, 0.02542246789760051]
-----------------------------
J(qt)=4.277710582275118e-06
J(q0)=0.12389480297163931
J(qt)/J(q0)=3.452695738379217e-05
Tnf=10,t_avg_f=0.16699999999999998
-----------------------------
relative_data_error(J):
[1.0, 0.35545582953307236, 0.17703781427821946, 0.01979070987529763, 0.0041479801444771775, 0.00034535695548650063, 0.00010030509705799266, 4.576431655837605e-05, 3.9608781629605716e-05]
****************************************************************
****************************************************************
2023-04-11 15:47:41
Solver=MUMPS
N=64,m=64,k=[20.0]
q_method=G,maxq=0.3
gtol=1e-10,noise_level=0.0
-----------------------------
total_iter=8,max_iter=30
t_avg=4.32,t_total=38.86
-----------------------------
relative_model_error:
[1.0, 0.7489788555918144, 0.5669737076864935, 0.18512891646579685, 0.08089374555139699, 0.03025260719349738, 0.020363370383256005, 0.019611883357694555, 0.019727390809316122]
-----------------------------
J(qt)=0.0009449795390364233
J(q0)=1.074015623083233
J(qt)/J(q0)=0.0008798564180320032
Tnf=9,t_avg_f=4.317777777777778
-----------------------------
relative_data_error(J):
[1.0, 0.36429023668088123, 0.18570417683097148, 0.015631459376920356, 0.0030915718515483886, 0.0009410066851641497, 0.0007451965512746504, 0.0007097279380272249, 0.0007071851548388298]
****************************************************************
****************************************************************
2023-04-11 15:47:55
Solver=NET
N=64,m=64,k=[20.0]
q_method=G,maxq=0.3
gtol=1e-10,noise_level=0.0
-----------------------------
total_iter=9,max_iter=30
t_avg=0.18,t_total=1.82
-----------------------------
relative_model_error:
[1.0, 0.748094942511922, 0.5561854314208686, 0.208096653671957, 0.09439532090561234, 0.033899030943539354, 0.023153815381369323, 0.021792011957899586, 0.021087819978844992, 0.020540064532096097]
-----------------------------
J(qt)=4.4105272698019146e-05
J(q0)=1.0740155431426162
J(qt)/J(q0)=4.1065767604224053e-05
Tnf=10,t_avg_f=0.182
-----------------------------
relative_data_error(J):
[1.0, 0.3706876966909368, 0.18063071451183405, 0.020254092102567924, 0.0037050799798886425, 0.0003766801363103108, 9.848233738664085e-05, 5.593638852162902e-05, 4.569598331502207e-05, 4.186328001340757e-05]
****************************************************************
****************************************************************
2023-04-11 15:48:43
Solver=MUMPS
N=64,m=64,k=[20.0]
q_method=G,maxq=0.5
gtol=1e-10,noise_level=0.0
-----------------------------
total_iter=10,max_iter=30
t_avg=3.31,t_total=36.37
-----------------------------
relative_model_error:
[1.0, 0.8373504623860861, 0.5721719003543773, 0.3744559453832059, 0.14657803947796053, 0.06926114951595465, 0.046585007865432834, 0.028011755414503577, 0.022670150034998456, 0.020686562694145996, 0.020343285694939015]
-----------------------------
J(qt)=0.0027526534813972635
J(q0)=2.84308805021502
J(qt)/J(q0)=0.0009681914287491318
Tnf=11,t_avg_f=3.306363636363636
-----------------------------
relative_data_error(J):
[1.0, 0.4947891202881372, 0.18702432916298814, 0.07216866156189217, 0.00986577983813386, 0.002683253080275334, 0.0013575159421615214, 0.0007942766497015571, 0.0007070546482876026, 0.0006890953153083441, 0.0006874351497842136]
****************************************************************
****************************************************************
2023-04-11 15:48:57
Solver=NET
N=64,m=64,k=[20.0]
q_method=G,maxq=0.5
gtol=1e-10,noise_level=0.0
-----------------------------
total_iter=9,max_iter=30
t_avg=0.19,t_total=1.89
-----------------------------
relative_model_error:
[1.0, 0.8373070784083574, 0.5585417578832917, 0.37584820496771326, 0.15510722625432014, 0.07528108245432151, 0.04271244005247796, 0.02641740327522084, 0.021698695511114408, 0.02113882434812778]
-----------------------------
J(qt)=0.0008062106169202018
J(q0)=2.8430880612312532
J(qt)/J(q0)=0.0002835686407022711
Tnf=10,t_avg_f=0.189
-----------------------------
relative_data_error(J):
[1.0, 0.5104692429715556, 0.18313806457059043, 0.07483934732984182, 0.010888856842379242, 0.0025703899630331786, 0.0008633423493452547, 0.00038244304612235273, 0.00028126721278608837, 0.0002741791501500128]
