
****************************************************************
****************************************************************
2023-04-11 15:35:23
Solver=MUMPS
N=64,m=16,k=[20.0]
q_method=G,maxq=0.1
gtol=1e-10,noise_level=0.0
-----------------------------
total_iter=10,max_iter=30
t_avg=0.80,t_total=8.81
-----------------------------
relative_model_error:
[1.0, 0.7216785341558049, 0.5538965499805224, 0.18495635902986554, 0.09540488893642093, 0.04591455129656953, 0.03323207025240282, 0.03002550012841081, 0.02743914483749542, 0.025556004875318145, 0.023750814396545614]
-----------------------------
J(qt)=9.883129180060525e-05
J(q0)=0.12389480002558424
J(qt)/J(q0)=0.0007977033078078871
Tnf=12,t_avg_f=0.7341666666666667
-----------------------------
relative_data_error(J):
[1.0, 0.35568021308365955, 0.18216877194398481, 0.015568747729932603, 0.003639864401307559, 0.0010799063723314097, 0.0008271681665926792, 0.0007503523144598247, 0.0007251955284716898, 0.0007139351870535534, 0.0007079656160458453]
****************************************************************
****************************************************************
2023-04-11 15:35:32
Solver=NET
N=64,m=16,k=[20.0]
q_method=G,maxq=0.1
gtol=1e-10,noise_level=0.0
-----------------------------
total_iter=10,max_iter=30
t_avg=0.10,t_total=1.11
-----------------------------
relative_model_error:
[1.0, 0.7186732819086752, 0.5499241432917757, 0.20979664648379695, 0.1098787289563642, 0.05212521577860692, 0.037820142249208, 0.03304422002989491, 0.029432574291271607, 0.027251025452122532, 0.025751283143957075]
-----------------------------
J(qt)=3.9013009846906465e-06
J(q0)=0.12389480297163931
J(qt)/J(q0)=3.148881866807352e-05
Tnf=12,t_avg_f=0.09250000000000001
-----------------------------
relative_data_error(J):
[1.0, 0.3576802937971669, 0.17986036563218855, 0.020607449856733524, 0.0044520037128213405, 0.0005537455103111505, 0.00019545905807336858, 9.590056095887646e-05, 5.557706122119536e-05, 3.8214697929698535e-05, 3.21299487469228e-05]
****************************************************************
****************************************************************
2023-04-11 15:35:54
Solver=MUMPS
N=64,m=32,k=[20.0]
q_method=G,maxq=0.1
gtol=1e-10,noise_level=0.0
-----------------------------
total_iter=8,max_iter=30
t_avg=1.58,t_total=14.23
-----------------------------
relative_model_error:
[1.0, 0.721585588390949, 0.5533823470659138, 0.17725460137303656, 0.08044063703437905, 0.027348451257347122, 0.02381774433401211, 0.023221648612159355, 0.023123745605255288]
-----------------------------
J(qt)=9.883129188725868e-05
J(q0)=0.12389480015003727
J(qt)/J(q0)=0.000797703307706001
Tnf=10,t_avg_f=1.423
-----------------------------
relative_data_error(J):
[1.0, 0.356233907744461, 0.18299769966503895, 0.015558577827999515, 0.0033086807377214577, 0.0008528834900520603, 0.0007516179022559425, 0.0007096880422938778, 0.0007077662536825538]
****************************************************************
****************************************************************
2023-04-11 15:36:05
Solver=NET
N=64,m=32,k=[20.0]
q_method=G,maxq=0.1
gtol=1e-10,noise_level=0.0
-----------------------------
total_iter=8,max_iter=30
t_avg=0.11,t_total=1.02
-----------------------------
relative_model_error:
[1.0, 0.7152959166835436, 0.5443971678331868, 0.20022517058308006, 0.0971484761811822, 0.03566612813785472, 0.027187631554608824, 0.026008806782293458, 0.025564516908618485]
-----------------------------
J(qt)=4.285411835505732e-06
J(q0)=0.12389479020877943
J(qt)/J(q0)=3.458912056176241e-05
Tnf=10,t_avg_f=0.10200000000000001
-----------------------------
relative_data_error(J):
[1.0, 0.3559740102506154, 0.17757052342709553, 0.019864643448081035, 0.004137882884700754, 0.0003424109124662012, 0.00010043101012954518, 4.579627910730861e-05, 3.9694257233948094e-05]
****************************************************************
****************************************************************
2023-04-11 15:36:45
Solver=MUMPS
N=64,m=64,k=[20.0]
q_method=G,maxq=0.1
gtol=1e-10,noise_level=0.0
-----------------------------
total_iter=8,max_iter=30
t_avg=3.24,t_total=29.12
-----------------------------
relative_model_error:
[1.0, 0.7215855535583784, 0.5533823270072337, 0.1772545488319629, 0.08044063512359004, 0.027348450900294648, 0.023817695073890754, 0.023221588521116332, 0.023123673844358376]
-----------------------------
J(qt)=9.883129188729575e-05
J(q0)=0.12389480015003732
J(qt)/J(q0)=0.0007977033077062999
Tnf=10,t_avg_f=2.912
-----------------------------
relative_data_error(J):
[1.0, 0.356233907744461, 0.18299769966503895, 0.015558577827999515, 0.0033086807377214577, 0.0008528834900520603, 0.0007516187093910165, 0.0007096888494289519, 0.0007077662536825538]
****************************************************************
****************************************************************
2023-04-11 15:36:58
Solver=NET
N=64,m=64,k=[20.0]
q_method=G,maxq=0.1
gtol=1e-10,noise_level=0.0
-----------------------------
total_iter=8,max_iter=30
t_avg=0.19,t_total=1.68
-----------------------------
relative_model_error:
[1.0, 0.7146777502618658, 0.5435360767057852, 0.19976690625312257, 0.09719009366039022, 0.03569684732804344, 0.027049374499625897, 0.025860065007079457, 0.02542246789760051]
-----------------------------
J(qt)=4.277710582275118e-06
J(q0)=0.12389480297163931
J(qt)/J(q0)=3.452695738379217e-05
Tnf=10,t_avg_f=0.16799999999999998
-----------------------------
relative_data_error(J):
[1.0, 0.35545582953307236, 0.17703781427821946, 0.01979070987529763, 0.0041479801444771775, 0.00034535695548650063, 0.00010030509705799266, 4.576431655837605e-05, 3.9608781629605716e-05]
