
****************************************************************
****************************************************************
2023-04-11 15:38:15
Solver=MUMPS
N=64,m=16,k=[20.0]
q_method=T,maxq=0.1
gtol=1e-10,noise_level=0.0
-----------------------------
total_iter=13,max_iter=30
t_avg=0.96,t_total=13.46
-----------------------------
relative_model_error:
[1.0, 0.7317077939029688, 0.4411743616299587, 0.4150649944752451, 0.40480010119323445, 0.3914443320022585, 0.3875899392942513, 0.3845313237979421, 0.38392603668828373, 0.3833020333511206, 0.38266628724479324, 0.3819217029292788, 0.38161274276236745, 0.38130874037288526]
-----------------------------
J(qt)=0.022658608942312985
J(q0)=1.0634055377262637
J(qt)/J(q0)=0.021307589756172255
Tnf=15,t_avg_f=0.8973333333333334
-----------------------------
relative_data_error(J):
[1.0, 0.37471342191628815, 0.06093444673268072, 0.02094601329684694, 0.010761042307294457, 0.002675017161772035, 0.0013634064001655055, 0.0009352310021534499, 0.0008245634327305554, 0.0007762405845346574, 0.0007456032950602308, 0.0007321014472310773, 0.0007161593364741727, 0.0007096820605410896]
****************************************************************
****************************************************************
2023-04-11 15:38:25
Solver=NET
N=64,m=16,k=[20.0]
q_method=T,maxq=0.1
gtol=1e-10,noise_level=0.0
-----------------------------
total_iter=14,max_iter=30
t_avg=0.10,t_total=1.49
-----------------------------
relative_model_error:
[1.0, 0.730411108760625, 0.43322131523026514, 0.4156430149213989, 0.40436560786494047, 0.39078068980767955, 0.38744784690066564, 0.3837559412603509, 0.3834961362500932, 0.38313933375355064, 0.3826585244501454, 0.38220458859699497, 0.3810456530739342, 0.38066920128626486, 0.38050314604029906]
-----------------------------
J(qt)=0.024827934580165696
J(q0)=1.0634055506742293
J(qt)/J(q0)=0.02334756910420872
Tnf=16,t_avg_f=0.093125
-----------------------------
relative_data_error(J):
[1.0, 0.38227494569357073, 0.03444964783103413, 0.01887334142052454, 0.009797255997216503, 0.0020526513762330616, 0.0012194449929942355, 0.0007162740617447645, 0.0006622243537299819, 0.0006127758813627858, 0.0005776502007692236, 0.0005621952022267987, 0.0005481582832585738, 0.000535787701827141, 0.0005304116004175248]
****************************************************************
****************************************************************
2023-04-11 15:38:54
Solver=MUMPS
N=64,m=32,k=[20.0]
q_method=T,maxq=0.1
gtol=1e-10,noise_level=0.0
-----------------------------
total_iter=12,max_iter=30
t_avg=1.73,t_total=22.51
-----------------------------
relative_model_error:
[1.0, 0.731488026506022, 0.439673673884051, 0.41346874876648076, 0.40316165250016994, 0.39016008602934504, 0.3867982210713988, 0.3843760064573928, 0.38410382463184584, 0.3836473086213922, 0.3823277550347822, 0.3818760945897137, 0.38151117212086455]
-----------------------------
J(qt)=0.022664154966276585
J(q0)=1.0634274274503783
J(qt)/J(q0)=0.021312366393083405
Tnf=15,t_avg_f=1.5006666666666668
-----------------------------
relative_data_error(J):
[1.0, 0.3750195123327346, 0.06059580790461054, 0.02085374683806174, 0.010570794504574817, 0.0024437903764234596, 0.001201451905626134, 0.0008677816123299134, 0.0008120713164007033, 0.000780564776242912, 0.0007402254967416755, 0.0007280949380777295, 0.0007190515595760887]
****************************************************************
****************************************************************
2023-04-11 15:39:05
Solver=NET
N=64,m=32,k=[20.0]
q_method=T,maxq=0.1
gtol=1e-10,noise_level=0.0
-----------------------------
total_iter=13,max_iter=30
t_avg=0.13,t_total=1.79
-----------------------------
relative_model_error:
[1.0, 0.7304266586131085, 0.433131237419729, 0.41484050621370555, 0.403454920780222, 0.3894500712926861, 0.3865208713491954, 0.38367785463943543, 0.383486318625985, 0.3832669859981827, 0.3826503535972335, 0.3818956244562939, 0.3803185090807915, 0.3798817544114561]
-----------------------------
J(qt)=0.02463813244057457
J(q0)=1.063427473752066
J(qt)/J(q0)=0.023168606274243067
Tnf=16,t_avg_f=0.111875
-----------------------------
relative_data_error(J):
[1.0, 0.38267586959179256, 0.03743039034069003, 0.019703976754464326, 0.010354889367424276, 0.0017817909970566938, 0.001030006676509032, 0.0006899748925646257, 0.0006751774917013812, 0.0006434405649643135, 0.0006077005538681436, 0.0005871021129740555, 0.0005640098549034727, 0.0005576605888492895]
****************************************************************
****************************************************************
2023-04-11 15:40:01
Solver=MUMPS
N=64,m=64,k=[20.0]
q_method=T,maxq=0.1
gtol=1e-10,noise_level=0.0
-----------------------------
total_iter=12,max_iter=30
t_avg=3.33,t_total=43.33
-----------------------------
relative_model_error:
[1.0, 0.7314880265316104, 0.43967366680319153, 0.4134687666222128, 0.4031616673761547, 0.3901600910742938, 0.3867982301557909, 0.38437601697270746, 0.384103832606285, 0.3836473142261025, 0.3823277463001526, 0.38187608848653826, 0.3815111629602508]
-----------------------------
J(qt)=0.022664154966276738
J(q0)=1.0634274274503819
J(qt)/J(q0)=0.021312366393083478
Tnf=15,t_avg_f=2.8886666666666665
-----------------------------
relative_data_error(J):
[1.0, 0.3750195123327346, 0.06059571386927207, 0.02085374683806174, 0.010570794504574817, 0.0024437903764234596, 0.001201451905626134, 0.0008677816123299134, 0.0008120713164007033, 0.000780564776242912, 0.0007402254967416755, 0.0007280939977243447, 0.0007190506192227039]
****************************************************************
****************************************************************
2023-04-11 15:40:16
Solver=NET
N=64,m=64,k=[20.0]
q_method=T,maxq=0.1
gtol=1e-10,noise_level=0.0
-----------------------------
total_iter=13,max_iter=30
t_avg=0.22,t_total=3.10
-----------------------------
relative_model_error:
[1.0, 0.7304746639662105, 0.43303497431443616, 0.414719143934064, 0.4032589048497073, 0.3895020401866767, 0.3865769735051504, 0.38370686674960164, 0.38350314016691744, 0.3832534654278102, 0.3825116199199838, 0.3817152272734456, 0.37996610417058335, 0.3797151316101045]
-----------------------------
J(qt)=0.024728507083649983
J(q0)=1.0634274178501073
J(qt)/J(q0)=0.023253591800033432
Tnf=16,t_avg_f=0.19375
-----------------------------
relative_data_error(J):
[1.0, 0.3827426346821135, 0.03714489905306414, 0.01968253669729084, 0.010253895413896541, 0.0017755188399800643, 0.0010227565519122085, 0.0006775152102159991, 0.0006592187544079064, 0.0006284362863564127, 0.0005881440245244163, 0.0005680449112776581, 0.0005408047544267135, 0.0005389390933112664]
