
****************************************************************
****************************************************************
2023-04-10 18:59:32
Solver=MUMPS
N=64,m=64,k=[20.0]
q_method=CIRCLE,maxq=0.1
gtol=1e-10,noise_level=0.0
-----------------------------
total_iter=30,max_iter=30
t_avg=2.86,t_total=88.58
-----------------------------
relative_model_error:
[1.0, 0.7433829862511641, 0.37988032963181245, 0.2692663242200781, 0.04513499377843851, 0.029855361095414326, 0.01597900497638771, 0.014198703848572285, 0.010531630178488896, 0.007712497154341829, 0.0074569540356520395, 0.007405842016280502, 0.0073694513550253745, 0.007302829950240422, 0.007229471280625736, 0.007206035948413024, 0.0072065350753263875, 0.007174801808291298, 0.007140693344451086, 0.007093034199997768, 0.00709269112791076, 0.007087102122819667, 0.007061688243733896, 0.007017371869337708, 0.006933377250964582, 0.006900879610733488, 0.00689153110187737, 0.006857490192037784, 0.006839035458371541, 0.0068376891328901955, 0.00682267768938196]
-----------------------------
J(qt)=0.0
J(q0)=4.216534128073219
J(qt)/J(q0)=0.0
Tnf=31,t_avg_f=2.8574193548387097
-----------------------------
relative_data_error(J):
[1.0, 0.4051933699036886, 0.058394224634948644, 0.02867357756259294, 0.0003490927373930697, 0.00011862953660948695, 6.2804248991469296e-06, 4.153794707970772e-06, 1.8139038498480979e-06, 6.500866826513746e-07, 1.1004664973331152e-07, 4.4734888640659505e-08, 3.292802375412958e-08, 2.1742167137432913e-08, 1.8805652989543535e-08, 1.4502066865408286e-08, 1.3462610250608914e-08, 1.0791456481988745e-08, 9.290743810668964e-09, 8.945697054212824e-09, 7.759034087270813e-09, 7.510251320398527e-09, 6.931766167915324e-09, 6.219118564317105e-09, 5.762914054921938e-09, 4.857975633992881e-09, 4.445527483499465e-09, 4.178933862678554e-09, 3.855824576132508e-09, 3.738002575577549e-09, 3.590274467393805e-09]
****************************************************************
****************************************************************
2023-04-10 18:59:43
Solver=NET
N=64,m=64,k=[20.0]
q_method=CIRCLE,maxq=0.1
gtol=1e-10,noise_level=0.0
-----------------------------
total_iter=7,max_iter=30
t_avg=0.21,t_total=1.68
-----------------------------
relative_model_error:
[1.0, 0.7417556177565934, 0.35277702879551426, 0.2491457407982521, 0.06887971292629218, 0.05506860676638149, 0.04403292854978719, 0.043876573492400574]
-----------------------------
J(qt)=0.010443778244366868
J(q0)=4.216533741483522
J(qt)/J(q0)=0.0024768634344409127
Tnf=9,t_avg_f=0.18666666666666665
-----------------------------
relative_data_error(J):
[1.0, 0.42836882460222037, 0.06069920052744793, 0.029512893303261213, 0.0018875781744704771, 0.0014173668869900133, 0.0012474688902960492, 0.0012445778875046546]
