
****************************************************************
****************************************************************
2023-04-10 16:02:12
Solver=MUMPS
N=64,m=64,k=[20.0]
q_method=T0,maxq=0.1
gtol=1e-10,noise_level=0.0
-----------------------------
total_iter=15,max_iter=15
t_avg=3.15,t_total=50.33
-----------------------------
relative_model_error:
[1.0, 0.7216175665567005, 0.45377920901244834, 0.30233240427388974, 0.11181454934585312, 0.07828982522474616, 0.061031914024664645, 0.05754977614008384, 0.05565132090023271, 0.05508314303886649, 0.05211272080566973, 0.049450781130172324, 0.047081652106705014, 0.04696236351573661, 0.04693105995331364, 0.04690587429383542]
-----------------------------
J(qt)=0.0
J(q0)=2.307852247757501
J(qt)/J(q0)=0.0
Tnf=17,t_avg_f=2.9605882352941175
-----------------------------
relative_data_error(J):
[1.0, 0.31238035400914266, 0.08665641181185951, 0.03501973698463938, 0.002409294364885066, 0.0006639902939965768, 8.661784778040167e-05, 3.6166258638993e-05, 2.7498667591047943e-05, 2.418731719999133e-05, 1.5492947981887905e-05, 9.018307082349372e-06, 2.8161145655046904e-06, 1.738743852503412e-06, 1.1100504798838747e-06, 1.0082804341703317e-06]
****************************************************************
****************************************************************
2023-04-10 16:02:22
Solver=NET
N=64,m=64,k=[20.0]
q_method=T0,maxq=0.1
gtol=1e-10,noise_level=0.0
-----------------------------
total_iter=8,max_iter=15
t_avg=0.19,t_total=1.69
-----------------------------
relative_model_error:
[1.0, 0.7192348350652539, 0.4110797694253325, 0.29082721991458965, 0.14384841251512437, 0.12347119430371903, 0.10644843707606719, 0.10786702237940538, 0.10733897636081509]
-----------------------------
J(qt)=0.01894667777079407
J(q0)=2.307852228283936
J(qt)/J(q0)=0.008209658113544975
Tnf=9,t_avg_f=0.18777777777777777
-----------------------------
relative_data_error(J):
[1.0, 0.37445587884827863, 0.09262343739844443, 0.04028931689667872, 0.004600342309942154, 0.0029430812227831094, 0.0020187143878501635, 0.0019985007691141103, 0.001991143271876422]
