
****************************************************************
****************************************************************
2023-04-11 15:25:59
Solver=MUMPS
N=64,m=64,k=[20.0]
q_method=G,maxq=0.1
gtol=1e-10,noise_level=0.0
-----------------------------
total_iter=8,max_iter=30
t_avg=3.14,t_total=28.26
-----------------------------
relative_model_error:
[1.0, 0.7215855535583784, 0.5533823270072337, 0.1772545488319629, 0.08044063512359004, 0.027348450900294648, 0.023817695073890754, 0.023221588521116332, 0.023123673844358376]
-----------------------------
J(qt)=9.883129188729575e-05
J(q0)=0.12389480015003732
J(qt)/J(q0)=0.0007977033077062999
Tnf=10,t_avg_f=2.826
-----------------------------
relative_data_error(J):
[1.0, 0.356233907744461, 0.18299769966503895, 0.015558577827999515, 0.0033086807377214577, 0.0008528834900520603, 0.0007516187093910165, 0.0007096888494289519, 0.0007077662536825538]
****************************************************************
****************************************************************
2023-04-11 15:26:12
Solver=NET
N=64,m=64,k=[20.0]
q_method=G,maxq=0.1
gtol=1e-10,noise_level=0.0
-----------------------------
total_iter=8,max_iter=30
t_avg=0.18,t_total=1.66
-----------------------------
relative_model_error:
[1.0, 0.7146777502618658, 0.5435360767057852, 0.19976690625312257, 0.09719009366039022, 0.03569684732804344, 0.027049374499625897, 0.025860065007079457, 0.02542246789760051]
-----------------------------
J(qt)=4.277710582275118e-06
J(q0)=0.12389480297163931
J(qt)/J(q0)=3.452695738379217e-05
Tnf=10,t_avg_f=0.16599999999999998
-----------------------------
relative_data_error(J):
[1.0, 0.35545582953307236, 0.17703781427821946, 0.01979070987529763, 0.0041479801444771775, 0.00034535695548650063, 0.00010030509705799266, 4.576431655837605e-05, 3.9608781629605716e-05]
****************************************************************
****************************************************************
2023-04-11 15:26:52
Solver=MUMPS
N=64,m=64,k=[40.0]
q_method=G,maxq=0.1
gtol=1e-10,noise_level=0.0
-----------------------------
total_iter=9,max_iter=30
t_avg=3.10,t_total=31.01
-----------------------------
relative_model_error:
[1.0, 0.7392605900250315, 0.5878171570153085, 0.2396294419674137, 0.14873880341231113, 0.08390757666743416, 0.07684166847210366, 0.07696060790844, 0.07721996458745538, 0.07738591205616724]
-----------------------------
J(qt)=0.024537597962075188
J(q0)=0.48110576516000964
J(qt)/J(q0)=0.05100250244125488
Tnf=11,t_avg_f=2.8190909090909093
-----------------------------
relative_data_error(J):
[1.0, 0.37517511733381004, 0.21770462226619497, 0.06240849209945418, 0.04985637260811547, 0.04598446080489539, 0.0456751734544986, 0.045556488590871864, 0.04554131521951504, 0.045531546062614066]
****************************************************************
****************************************************************
2023-04-11 15:27:07
Solver=NET
N=64,m=64,k=[40.0]
q_method=G,maxq=0.1
gtol=1e-10,noise_level=0.0
-----------------------------
total_iter=11,max_iter=30
t_avg=0.18,t_total=2.17
-----------------------------
relative_model_error:
[1.0, 0.7354156221858611, 0.5730822417827086, 0.259144401261681, 0.14986274986028322, 0.05663069080999646, 0.029771375794355744, 0.02351527541845778, 0.020016599692047634, 0.016684040495524417, 0.015103334191307036, 0.014820078356405196]
-----------------------------
J(qt)=7.032769549018662e-05
J(q0)=0.48110574136940326
J(qt)/J(q0)=0.00014617928958820617
Tnf=13,t_avg_f=0.16692307692307692
-----------------------------
relative_data_error(J):
[1.0, 0.37478850814581405, 0.18959917357089706, 0.02883522550124089, 0.008449884225098004, 0.0012015044501627501, 0.0005560479395393115, 0.00022923430595336579, 0.00018058099462488518, 0.00015349236966489714, 0.00014325720319430645, 0.00014128404135471185]
