
****************************************************************
****************************************************************
2023-04-08 16:32:38
Solver=MUMPS
N=64,m=16,k=[20.0]
q_method=MG,maxq=0.1
gtol=1e-10,noise_level=0.0
-----------------------------
total_iter=30,max_iter=30
t_avg=0.83,t_total=25.88
-----------------------------
relative_model_error:
[1.0, 0.5382465240341414, 0.37252630446987645, 0.28519990371909676, 0.13049792413351394, 0.060195649673851256, 0.04070799735210372, 0.03212626413284962, 0.02633013953453906, 0.024529382821615427, 0.023211556459160846, 0.02200167441543407, 0.021234705317342863, 0.021221349931445685, 0.021012150464323056, 0.02040705956894097, 0.019789480420499352, 0.019527318397097235, 0.01932458693916722, 0.01920632814641395, 0.018930385200867973, 0.01856666860849588, 0.018141838989652114, 0.01812318304885634, 0.018050562469648625, 0.01784786833913824, 0.017508386377679246, 0.01745532177598979, 0.01742851180371134, 0.01730612942868605, 0.01719974491564434]
-----------------------------
J(qt)=0.0
J(q0)=0.18442280523239385
J(qt)/J(q0)=0.0
Tnf=32,t_avg_f=0.80875
-----------------------------
relative_data_error(J):
[1.0, 0.7072002949740542, 0.10088166877233316, 0.05439831257489575, 0.01016250684567543, 0.0012832781160701213, 0.00036082592735179453, 0.00014862137585875947, 5.602554995851927e-05, 2.4043096576891165e-05, 1.2503321169268474e-05, 6.619781697510614e-06, 5.806325675214045e-06, 3.948422919050227e-06, 3.3435417491310737e-06, 2.3449515515960593e-06, 1.61840985126584e-06, 1.386589525167685e-06, 1.186045124523514e-06, 1.0802231825748415e-06, 8.89303394912782e-07, 7.177087456553683e-07, 6.190767962781215e-07, 5.133177532086562e-07, 4.5777045162479733e-07, 3.844059580421097e-07, 3.7597750822836635e-07, 3.008475081741431e-07, 2.892714032414612e-07, 2.746598851553223e-07, 2.5976098425901327e-07]
****************************************************************
****************************************************************
2023-04-08 16:32:47
Solver=NET
N=64,m=16,k=[20.0]
q_method=MG,maxq=0.1
gtol=1e-10,noise_level=0.0
-----------------------------
total_iter=11,max_iter=30
t_avg=0.09,t_total=1.04
-----------------------------
relative_model_error:
[1.0, 0.5340563360057592, 0.3613924931877804, 0.2806875111226362, 0.13353657986679754, 0.06738405967183113, 0.04629120041420077, 0.03990758063556577, 0.03434559815791688, 0.03239645896560897, 0.03144309875782357, 0.030726802418795343]
-----------------------------
J(qt)=0.00015642337904472005
J(q0)=0.18442281579655884
J(qt)/J(q0)=0.0008481780216243655
Tnf=12,t_avg_f=0.08666666666666667
-----------------------------
relative_data_error(J):
[1.0, 0.6527060073851959, 0.0967823969895295, 0.05386090671987767, 0.011088855511514291, 0.0023520439424583703, 0.0011979850669385055, 0.0009757568199194243, 0.0008818314418483595, 0.0008328950293618474, 0.0008201688509567679, 0.0008168341258953601]
****************************************************************
****************************************************************
2023-04-08 16:33:46
Solver=MUMPS
N=64,m=32,k=[20.0]
q_method=MG,maxq=0.1
gtol=1e-10,noise_level=0.0
-----------------------------
total_iter=30,max_iter=30
t_avg=1.72,t_total=53.18
-----------------------------
relative_model_error:
[1.0, 0.5379457287444246, 0.37176491448719823, 0.2830771407107498, 0.12236366210749004, 0.04561160814281808, 0.026669253157287732, 0.021780368128965114, 0.020541376181817356, 0.020326003785580804, 0.020126502397380782, 0.0198099309176148, 0.01936313407474078, 0.01913012437665694, 0.019045830856442326, 0.018791098089944332, 0.01857464306111511, 0.018482771675682286, 0.018243390885233367, 0.018081692817201813, 0.01778064061895281, 0.017674303146847762, 0.01759258879070962, 0.017412897648879128, 0.0172012615245939, 0.01717669998215555, 0.017077779907132076, 0.01692752734586196, 0.01661540354382029, 0.016492254864155117, 0.016293497224823556]
-----------------------------
J(qt)=0.0
J(q0)=0.18443968670095534
J(qt)/J(q0)=0.0
Tnf=32,t_avg_f=1.661875
-----------------------------
relative_data_error(J):
[1.0, 0.7091574495770983, 0.10186890045543266, 0.054977770548687924, 0.010011168943829973, 0.0009934883973107785, 0.00017170028193450447, 4.178757319453481e-05, 8.85464107568857e-06, 4.331462806332682e-06, 3.2121828236824985e-06, 2.3175721101713297e-06, 1.7374376490999784e-06, 1.2809639991325093e-06, 1.1274181305573628e-06, 9.516644979397095e-07, 8.148395142051616e-07, 7.218282368249838e-07, 5.862177401865105e-07, 5.223178269355888e-07, 4.5718824549989155e-07, 4.0321025807850794e-07, 3.6666449793970935e-07, 3.304651919323357e-07, 3.1095586640641944e-07, 2.936559314682282e-07, 2.7473812621990893e-07, 2.5563597918022124e-07, 2.226962697896335e-07, 2.1392051615701584e-07, 1.9658100195185426e-07]
****************************************************************
****************************************************************
2023-04-08 16:33:56
Solver=NET
N=64,m=32,k=[20.0]
q_method=MG,maxq=0.1
gtol=1e-10,noise_level=0.0
-----------------------------
total_iter=10,max_iter=30
t_avg=0.10,t_total=1.15
-----------------------------
relative_model_error:
[1.0, 0.5284078523502359, 0.3560337076570559, 0.27442964243972295, 0.11888563270722984, 0.05253894182547929, 0.03379417628389374, 0.03147066276143721, 0.030105319483702934, 0.02918460291023168, 0.028827776960707777]
-----------------------------
J(qt)=0.00015785376481737513
J(q0)=0.18443972030438927
J(qt)/J(q0)=0.0008558555855369
Tnf=11,t_avg_f=0.10454545454545454
-----------------------------
relative_data_error(J):
[1.0, 0.6390967252222945, 0.09426317501626545, 0.05265734114075038, 0.009714758186944264, 0.001965961830405552, 0.0011500921708956842, 0.0008862719583604424, 0.0008450227716330515, 0.0008301181956191716, 0.0008253361526783778]
****************************************************************
****************************************************************
2023-04-08 16:35:40
Solver=MUMPS
N=64,m=64,k=[20.0]
q_method=MG,maxq=0.1
gtol=1e-10,noise_level=0.0
-----------------------------
total_iter=30,max_iter=30
t_avg=3.13,t_total=96.95
-----------------------------
relative_model_error:
[1.0, 0.5379457300857594, 0.37176487726250834, 0.2830770569299827, 0.12236364424945427, 0.04561161336679218, 0.026669281833111666, 0.021780409970376842, 0.0205414142311984, 0.020326034338608454, 0.02012652455160146, 0.01980992533655003, 0.019363097342032412, 0.019130065115654522, 0.019045773785646754, 0.01879104669452777, 0.0185745812971449, 0.018482696977279632, 0.01824328732301778, 0.018081584012980382, 0.017780566903128077, 0.017674299451169672, 0.01759263602894791, 0.017412975600907547, 0.017201251081605754, 0.017176687642040278, 0.0170778079132787, 0.016927584813610563, 0.01661560070272377, 0.01649226573820024, 0.016293503221723012]
-----------------------------
J(qt)=0.0
J(q0)=0.1844396867009573
J(qt)/J(q0)=0.0
Tnf=32,t_avg_f=3.0296875
-----------------------------
relative_data_error(J):
[1.0, 0.7091574495770983, 0.10186890045543266, 0.054977770548687924, 0.010011168943829973, 0.0009934829754933855, 0.00017169919757102582, 4.1787410540013014e-05, 8.855074821080027e-06, 4.331701366297983e-06, 3.2124051181956194e-06, 2.3177130774235522e-06, 1.7375189763608764e-06, 1.2810073736716548e-06, 1.127450661461722e-06, 9.516916070266755e-07, 8.148612014747344e-07, 7.218390804597702e-07, 5.86201474734331e-07, 5.222896334851442e-07, 4.5716655823031886e-07, 4.0319616135328564e-07, 3.6666341357623077e-07, 3.304651919323357e-07, 3.109547820429408e-07, 2.936429191064845e-07, 2.747278247668619e-07, 2.556273042723921e-07, 2.2269301669919759e-07, 2.1390696161353289e-07, 1.9652949468661898e-07]
****************************************************************
****************************************************************
2023-04-08 16:35:51
Solver=NET
N=64,m=64,k=[20.0]
q_method=MG,maxq=0.1
gtol=1e-10,noise_level=0.0
-----------------------------
total_iter=10,max_iter=30
t_avg=0.18,t_total=1.95
-----------------------------
relative_model_error:
[1.0, 0.5285984949960142, 0.3565666917683068, 0.27511921935795836, 0.11871901262961035, 0.05249735310061202, 0.03370838781109795, 0.03139754814334948, 0.03006282204207206, 0.0291368015032372, 0.028780425126265847]
-----------------------------
J(qt)=0.0001577084364158789
J(q0)=0.18443967156821575
J(qt)/J(q0)=0.0008550678662293638
Tnf=11,t_avg_f=0.17727272727272728
-----------------------------
relative_data_error(J):
[1.0, 0.6380991108219476, 0.09446703535024942, 0.052920353502494036, 0.009679407937540664, 0.001971774018651052, 0.0011676046410756887, 0.0008868792019084798, 0.000845407720667968, 0.0008299446974625894, 0.0008250054218173932]
