
****************************************************************
****************************************************************
2023-04-11 15:21:32
Solver=MUMPS
N=64,m=64,k=[20.0]
q_method=T,maxq=0.1
gtol=1e-10,noise_level=0.0
-----------------------------
total_iter=12,max_iter=30
t_avg=3.30,t_total=42.90
-----------------------------
relative_model_error:
[1.0, 0.7314880265316104, 0.43967366680319153, 0.4134687666222128, 0.4031616673761547, 0.3901600910742938, 0.3867982301557909, 0.38437601697270746, 0.384103832606285, 0.3836473142261025, 0.3823277463001526, 0.38187608848653826, 0.3815111629602508]
-----------------------------
J(qt)=0.022664154966276738
J(q0)=1.0634274274503819
J(qt)/J(q0)=0.021312366393083478
Tnf=15,t_avg_f=2.86
-----------------------------
relative_data_error(J):
[1.0, 0.3750195123327346, 0.06059571386927207, 0.02085374683806174, 0.010570794504574817, 0.0024437903764234596, 0.001201451905626134, 0.0008677816123299134, 0.0008120713164007033, 0.000780564776242912, 0.0007402254967416755, 0.0007280939977243447, 0.0007190506192227039]
****************************************************************
****************************************************************
2023-04-11 15:21:48
Solver=NET
N=64,m=64,k=[20.0]
q_method=T,maxq=0.1
gtol=1e-10,noise_level=0.0
-----------------------------
total_iter=13,max_iter=30
t_avg=0.22,t_total=3.09
-----------------------------
relative_model_error:
[1.0, 0.7304746639662105, 0.43303497431443616, 0.414719143934064, 0.4032589048497073, 0.3895020401866767, 0.3865769735051504, 0.38370686674960164, 0.38350314016691744, 0.3832534654278102, 0.3825116199199838, 0.3817152272734456, 0.37996610417058335, 0.3797151316101045]
-----------------------------
J(qt)=0.024728507083649983
J(q0)=1.0634274178501073
J(qt)/J(q0)=0.023253591800033432
Tnf=16,t_avg_f=0.193125
-----------------------------
relative_data_error(J):
[1.0, 0.3827426346821135, 0.03714489905306414, 0.01968253669729084, 0.010253895413896541, 0.0017755188399800643, 0.0010227565519122085, 0.0006775152102159991, 0.0006592187544079064, 0.0006284362863564127, 0.0005881440245244163, 0.0005680449112776581, 0.0005408047544267135, 0.0005389390933112664]
****************************************************************
****************************************************************
2023-04-11 15:22:40
Solver=MUMPS
N=64,m=64,k=[40.0]
q_method=T,maxq=0.1
gtol=1e-10,noise_level=0.0
-----------------------------
total_iter=13,max_iter=30
t_avg=2.95,t_total=41.30
-----------------------------
relative_model_error:
[1.0, 0.738490929750527, 0.4679373020372289, 0.4005132655783168, 0.3933555428598725, 0.3782062691748566, 0.36084258896771987, 0.34624441872979, 0.3432888782735341, 0.3429349769235344, 0.3427681496653018, 0.342751677567793, 0.3428585688693557, 0.3431596959636171]
-----------------------------
J(qt)=0.32672361181558424
J(q0)=4.02532789040129
J(qt)/J(q0)=0.08116695601237411
Tnf=14,t_avg_f=2.9499999999999997
-----------------------------
relative_data_error(J):
[1.0, 0.4073007678873533, 0.1563335179972822, 0.0857964440182544, 0.0632350639574892, 0.055876412617102196, 0.05012235021724926, 0.04534311472599761, 0.04431264020589616, 0.044179483421235025, 0.0441491753471144, 0.04413377288321703, 0.044123587382897796, 0.04411365030941562]
****************************************************************
****************************************************************
2023-04-11 15:22:57
Solver=NET
N=64,m=64,k=[40.0]
q_method=T,maxq=0.1
gtol=1e-10,noise_level=0.0
-----------------------------
total_iter=14,max_iter=30
t_avg=0.30,t_total=4.53
-----------------------------
relative_model_error:
[1.0, 0.7412137203734882, 0.488892685663403, 0.4134057866753472, 0.3937522886768408, 0.36155463072003835, 0.34300523685154155, 0.3302089406498809, 0.32981397962490727, 0.32884784153656693, 0.32824383818240693, 0.3277189334426509, 0.3277055580160268, 0.3280618992771001, 0.3280647836720995]
-----------------------------
J(qt)=0.13882288698018508
J(q0)=4.025327284447339
J(qt)/J(q0)=0.0344873539889676
Tnf=23,t_avg_f=0.19695652173913045
-----------------------------
relative_data_error(J):
[1.0, 0.4185495350691744, 0.2016458277954851, 0.049122929051779604, 0.030445951015196267, 0.015344282332131774, 0.007854113824208201, 0.00355267766866319, 0.0032154133946782, 0.0028808321305333973, 0.0028226008799278565, 0.002793932422931784, 0.0027446942238276116, 0.0027080512653620942, 0.0027077283104739234]
