
****************************************************************
****************************************************************
2023-04-11 15:41:33
Solver=MUMPS
N=64,m=64,k=[20.0]
q_method=T,maxq=0.1
gtol=1e-10,noise_level=0.0
-----------------------------
total_iter=12,max_iter=30
t_avg=3.25,t_total=42.22
-----------------------------
relative_model_error:
[1.0, 0.7314880265316104, 0.43967366680319153, 0.4134687666222128, 0.4031616673761547, 0.3901600910742938, 0.3867982301557909, 0.38437601697270746, 0.384103832606285, 0.3836473142261025, 0.3823277463001526, 0.38187608848653826, 0.3815111629602508]
-----------------------------
J(qt)=0.022664154966276738
J(q0)=1.0634274274503819
J(qt)/J(q0)=0.021312366393083478
Tnf=15,t_avg_f=2.8146666666666667
-----------------------------
relative_data_error(J):
[1.0, 0.3750195123327346, 0.06059571386927207, 0.02085374683806174, 0.010570794504574817, 0.0024437903764234596, 0.001201451905626134, 0.0008677816123299134, 0.0008120713164007033, 0.000780564776242912, 0.0007402254967416755, 0.0007280939977243447, 0.0007190506192227039]
****************************************************************
****************************************************************
2023-04-11 15:41:49
Solver=NET
N=64,m=64,k=[20.0]
q_method=T,maxq=0.1
gtol=1e-10,noise_level=0.0
-----------------------------
total_iter=13,max_iter=30
t_avg=0.22,t_total=3.10
-----------------------------
relative_model_error:
[1.0, 0.7304746639662105, 0.43303497431443616, 0.414719143934064, 0.4032589048497073, 0.3895020401866767, 0.3865769735051504, 0.38370686674960164, 0.38350314016691744, 0.3832534654278102, 0.3825116199199838, 0.3817152272734456, 0.37996610417058335, 0.3797151316101045]
-----------------------------
J(qt)=0.024728507083649983
J(q0)=1.0634274178501073
J(qt)/J(q0)=0.023253591800033432
Tnf=16,t_avg_f=0.19375
-----------------------------
relative_data_error(J):
[1.0, 0.3827426346821135, 0.03714489905306414, 0.01968253669729084, 0.010253895413896541, 0.0017755188399800643, 0.0010227565519122085, 0.0006775152102159991, 0.0006592187544079064, 0.0006284362863564127, 0.0005881440245244163, 0.0005680449112776581, 0.0005408047544267135, 0.0005389390933112664]
****************************************************************
****************************************************************
2023-04-11 15:42:41
Solver=MUMPS
N=64,m=64,k=[20.0]
q_method=T,maxq=0.3
gtol=1e-10,noise_level=0.0
-----------------------------
total_iter=14,max_iter=30
t_avg=2.81,t_total=42.15
-----------------------------
relative_model_error:
[1.0, 0.9108233692743675, 0.6020934691378983, 0.4619903863463712, 0.44097023642014355, 0.43036188228187855, 0.4181799022365492, 0.3999426420144482, 0.3916603818027429, 0.38934608489862976, 0.3884805990952335, 0.38737119024727606, 0.38631207468291523, 0.3856343699942013, 0.38549933465864406]
-----------------------------
J(qt)=0.2014209732286878
J(q0)=9.108299867228007
J(qt)/J(q0)=0.022114003289835434
Tnf=15,t_avg_f=2.81
-----------------------------
relative_data_error(J):
[1.0, 0.761058594907941, 0.36699384078258296, 0.06409867922663944, 0.026814553758659685, 0.013712987055762326, 0.008187104069914254, 0.002297991941416071, 0.0010139433264165652, 0.0008537334079905141, 0.0007961694278844571, 0.0007333937178178146, 0.0006892405827651702, 0.0006623189837840212, 0.0006528825357091884]
****************************************************************
****************************************************************
2023-04-11 15:42:57
Solver=NET
N=64,m=64,k=[20.0]
q_method=T,maxq=0.3
gtol=1e-10,noise_level=0.0
-----------------------------
total_iter=10,max_iter=30
t_avg=0.26,t_total=2.91
-----------------------------
relative_model_error:
[1.0, 0.9113204286656468, 0.5281898315159881, 0.47606161912544315, 0.44313957751655664, 0.39967709865047724, 0.38826894086312225, 0.38547862692936513, 0.3856257903054534, 0.38606534922813085, 0.3863921612012441]
-----------------------------
J(qt)=0.27472949044708445
J(q0)=9.108299536178603
J(qt)/J(q0)=0.03016254454037724
Tnf=15,t_avg_f=0.194
-----------------------------
relative_data_error(J):
[1.0, 0.7679720694311781, 0.1044730630304228, 0.05176487379642744, 0.03313878550333212, 0.011133801038613134, 0.006469824226255173, 0.004763150093870426, 0.004181537718344806, 0.0041272026613089164, 0.004121790015699966]
****************************************************************
****************************************************************
2023-04-11 15:44:02
Solver=MUMPS
N=64,m=64,k=[20.0]
q_method=T,maxq=0.5
gtol=1e-10,noise_level=0.0
-----------------------------
total_iter=15,max_iter=30
t_avg=3.50,t_total=56.03
-----------------------------
relative_model_error:
[1.0, 0.8037563924299129, 0.6430236263168615, 0.5486619521185249, 0.48050692610415924, 0.46094400046553174, 0.4491373326227294, 0.4294227400873883, 0.40357429082809415, 0.38908395046539723, 0.38606897366579834, 0.38627210566774356, 0.38564823611991084, 0.3839312611369349, 0.3823527058161257, 0.38099682149283876]
-----------------------------
J(qt)=0.4782815801629315
J(q0)=21.864823075884747
J(qt)/J(q0)=0.021874477488475087
Tnf=18,t_avg_f=3.1127777777777776
-----------------------------
relative_data_error(J):
[1.0, 0.46109728879294576, 0.17793805568768067, 0.08412882807068897, 0.036823387362335806, 0.018136136621418903, 0.01154577220006586, 0.006564203651531229, 0.0021880328198748676, 0.001046705206542022, 0.0008820021221323772, 0.0007697577842010904, 0.0007164392082250924, 0.0006408519629724489, 0.0005913385898796239, 0.0005836229922066518]
****************************************************************
****************************************************************
2023-04-11 15:44:28
Solver=NET
N=64,m=64,k=[20.0]
q_method=T,maxq=0.5
gtol=1e-10,noise_level=0.0
-----------------------------
total_iter=13,max_iter=30
t_avg=0.99,t_total=13.85
-----------------------------
relative_model_error:
[1.0, 0.8091837250309264, 0.7624557072461341, 0.6654774375300341, 0.6384825416669414, 0.6087765573694937, 0.5806819631665708, 0.528060144649146, 0.5039202254626315, 0.4803784175603876, 0.46807326831708684, 0.46626332202356396, 0.4653633026366691, 0.4644933907067848]
-----------------------------
J(qt)=8.594749117161252
J(q0)=21.86482345556656
J(qt)/J(q0)=0.3930856855362862
Tnf=69,t_avg_f=0.20072463768115942
-----------------------------
relative_data_error(J):
[1.0, 0.4795241666971571, 0.37592431670996307, 0.21917785664629907, 0.18336504335735979, 0.1524226153452124, 0.1272922688522191, 0.09291098020562732, 0.08143774468552194, 0.07439308843437854, 0.07287100728110937, 0.07281703925944898, 0.07279051260473456, 0.07278228019465076]
