
****************************************************************
****************************************************************
2023-04-11 15:54:43
Solver=MUMPS
N=64,m=64,k=[20.0]
q_method=MG,maxq=0.1
gtol=1e-10,noise_level=0.0
-----------------------------
total_iter=9,max_iter=30
t_avg=2.84,t_total=28.43
-----------------------------
relative_model_error:
[1.0, 0.5381333784480702, 0.3750918741578802, 0.28654029300584755, 0.1252338870907542, 0.0479901042802438, 0.027334649167010356, 0.02376031265276955, 0.022213496058473007, 0.022051058384751864]
-----------------------------
J(qt)=0.00014522312660981447
J(q0)=0.18228683256098568
J(qt)/J(q0)=0.0007966737068692484
Tnf=10,t_avg_f=2.843
-----------------------------
relative_data_error(J):
[1.0, 0.7250983339459204, 0.10329699868888073, 0.05599302199279159, 0.010853269843707998, 0.0017293279279378124, 0.0009124457586114204, 0.0007711191692221606, 0.0007331076818423694, 0.000729997202214091]
****************************************************************
****************************************************************
2023-04-11 15:54:57
Solver=NET
N=64,m=64,k=[20.0]
q_method=MG,maxq=0.1
gtol=1e-10,noise_level=0.0
-----------------------------
total_iter=10,max_iter=30
t_avg=0.17,t_total=1.84
-----------------------------
relative_model_error:
[1.0, 0.5290491992218506, 0.3589573059604995, 0.27715400138793855, 0.12091283206026324, 0.052416127470385314, 0.03372606004132372, 0.030319911746273936, 0.028953314126460426, 0.027996682325620338, 0.02748702374428867]
-----------------------------
J(qt)=1.4036773748269255e-05
J(q0)=0.18228681887085332
J(qt)/J(q0)=7.700377808564445e-05
Tnf=11,t_avg_f=0.16727272727272727
-----------------------------
relative_data_error(J):
[1.0, 0.6515385079572322, 0.09435066680564165, 0.052251614212752415, 0.009059450207639602, 0.0012466824293559057, 0.00035281067766763404, 0.00014673838507408646, 0.00010077405410149929, 8.199652196810525e-05, 7.660666970217294e-05]
****************************************************************
****************************************************************
2023-04-11 15:55:32
Solver=MUMPS
N=64,m=64,k=[20.0]
q_method=MG,maxq=0.3
gtol=1e-10,noise_level=0.0
-----------------------------
total_iter=8,max_iter=30
t_avg=2.88,t_total=25.94
-----------------------------
relative_model_error:
[1.0, 0.7569598279447615, 0.38332132286819, 0.15290288296592483, 0.06259435457089037, 0.04072206541274179, 0.03175980565919509, 0.022425168985991756, 0.02128583766456136]
-----------------------------
J(qt)=0.0013479859961325526
J(q0)=1.6083085782499325
J(qt)/J(q0)=0.0008381389083924134
Tnf=9,t_avg_f=2.8822222222222225
-----------------------------
relative_data_error(J):
[1.0, 0.4790251879301876, 0.10796426062139762, 0.014706306619992416, 0.0029049810049057707, 0.001312707127357288, 0.0009707581249883418, 0.0007351381263562374, 0.000727073760655595]
****************************************************************
****************************************************************
2023-04-11 15:55:47
Solver=NET
N=64,m=64,k=[20.0]
q_method=MG,maxq=0.3
gtol=1e-10,noise_level=0.0
-----------------------------
total_iter=10,max_iter=30
t_avg=0.19,t_total=2.04
-----------------------------
relative_model_error:
[1.0, 0.7534957984816527, 0.35400812313647306, 0.15849910859263672, 0.07192109897716709, 0.055341645615851365, 0.04247126096657681, 0.0338333077862172, 0.02811571841092277, 0.027454134815278374, 0.02724773314326831]
-----------------------------
J(qt)=0.0001380536770049833
J(q0)=1.6083084951074715
J(qt)/J(q0)=8.583780874437164e-05
Tnf=11,t_avg_f=0.18545454545454546
-----------------------------
relative_data_error(J):
[1.0, 0.4802065522194105, 0.09396260671139271, 0.015862551373802315, 0.0036032667831450405, 0.0013020935018746385, 0.0006164495650714104, 0.0002866679931107809, 9.655414689954052e-05, 8.569367845751132e-05, 8.278441345263041e-05]
****************************************************************
****************************************************************
2023-04-11 15:56:30
Solver=MUMPS
N=64,m=64,k=[20.0]
q_method=MG,maxq=0.5
gtol=1e-10,noise_level=0.0
-----------------------------
total_iter=10,max_iter=30
t_avg=3.01,t_total=33.09
-----------------------------
relative_model_error:
[1.0, 0.8511224001413391, 0.3835536125380567, 0.20655929445240537, 0.10164220577974581, 0.05518079197645862, 0.0381399928993099, 0.030534066249121024, 0.02555268263676877, 0.023060009276570346, 0.022648376391085034]
-----------------------------
J(qt)=0.003827416352534707
J(q0)=4.334320444669464
J(qt)/J(q0)=0.0008830487734800113
Tnf=11,t_avg_f=3.0081818181818183
-----------------------------
relative_data_error(J):
[1.0, 0.6401534727477436, 0.11494421270233855, 0.025198416360582513, 0.00543856937189686, 0.0021320368592997285, 0.0010597625463740566, 0.0008407639491315824, 0.0007351141586223445, 0.0007020270769117186, 0.0007002528655013936]
****************************************************************
****************************************************************
2023-04-11 15:56:44
Solver=NET
N=64,m=64,k=[20.0]
q_method=MG,maxq=0.5
gtol=1e-10,noise_level=0.0
-----------------------------
total_iter=10,max_iter=30
t_avg=0.19,t_total=2.07
-----------------------------
relative_model_error:
[1.0, 0.8486598661015232, 0.34788577284265926, 0.1970459732649901, 0.10665998340011258, 0.06681598238839032, 0.04029048626165306, 0.033430818662070656, 0.032377127403164195, 0.03189698743218786, 0.03145944697163875]
-----------------------------
J(qt)=0.0014578037571151446
J(q0)=4.334320578660844
J(qt)/J(q0)=0.0003363396247827972
Tnf=11,t_avg_f=0.18818181818181817
-----------------------------
relative_data_error(J):
[1.0, 0.6463274515956368, 0.10291325975008767, 0.0222111426936636, 0.005791496705365548, 0.0022492040273906864, 0.0007082679636021337, 0.0003463265287288433, 0.00028496742280219274, 0.0002709744550471585, 0.00026483277653703465]
