x_values = list(range(64))
value_1 = [18.203149795532227, 20.335453033447266, 24.30695343017578, 27.84906005859375, 28.611486434936523, 23.09752082824707, 15.454991340637207, 9.612963676452637, 7.372747421264648, 9.158964157104492, 14.555350303649902, 22.161731719970703, 28.313457489013672, 28.868099212646484, 25.903629302978516, 22.117340087890625, 20.02570343017578, 22.20170021057129, 25.916885375976562, 28.451581954956055, 27.05604362487793, 21.076879501342773, 13.847431182861328, 8.595611572265625, 6.4207611083984375, 6.885258197784424, 9.142216682434082, 12.574653625488281, 15.876068115234375, 18.07938575744629, 18.111703872680664, 18.095611572265625, 19.119461059570312, 21.343839645385742, 25.728952407836914, 28.913780212402344, 29.33352279663086, 23.206716537475586, 15.196861267089844, 9.32632827758789, 7.121308326721191, 9.222030639648438, 15.24854850769043, 23.441774368286133, 29.2318172454834, 29.69670295715332, 25.854206085205078, 21.216835021972656, 18.64822769165039, 20.385848999023438, 23.87315559387207, 26.141902923583984, 25.155014038085938, 20.068233489990234, 13.600420951843262, 8.57213020324707, 6.455793380737305, 7.046073913574219, 9.4133939743042, 12.871003150939941, 16.14064598083496, 17.888381958007812, 18.005857467651367, 17.810144424438477]
value_2 = [1.0730892419815063, 1.3569774627685547, 1.7316257953643799, 2.144958019256592, 2.3839333057403564, 2.3096721172332764, 1.9354585409164429, 1.517905831336975, 1.2775914669036865, 1.54096257686615, 2.0153555870056152, 2.4579505920410156, 2.5769920349121094, 2.3287758827209473, 1.8620514869689941, 1.451962947845459, 1.1774243116378784, 1.449441909790039, 1.8268625736236572, 2.246119976043701, 2.4504737854003906, 2.33085560798645, 1.9067827463150024, 1.4765799045562744, 1.216529130935669, 1.4483405351638794, 1.87717604637146, 2.2836077213287354, 2.419616937637329, 2.1694161891937256, 1.72345769405365, 1.329466700553894, 1.080785870552063, 1.3349440097808838, 1.7041815519332886, 2.119140386581421, 2.3421027660369873, 2.263587236404419, 1.8958157300949097, 1.4960495233535767, 1.2899048328399658, 1.579909086227417, 2.067622661590576, 2.520916700363159, 2.6445353031158447, 2.386301279067993, 1.8982138633728027, 1.4641907215118408, 1.1911901235580444, 1.468969702720642, 1.836522102355957, 2.2624666690826416, 2.465209484100342, 2.325432062149048, 1.8976036310195923, 1.4711594581604004, 1.2001285552978516, 1.4195114374160767, 1.807538390159607, 2.177816390991211, 2.268711566925049, 2.0300211906433105, 1.6291717290878296, 1.3045868873596191]
value_3 = [0.9501404166221619, 1.3657582998275757, 1.7972193956375122, 2.2761034965515137, 2.5602991580963135, 2.4184563159942627, 1.9590520858764648, 1.4601532220840454, 1.0474045276641846, 1.4403833150863647, 1.9396930932998657, 2.4113986492156982, 2.533149242401123, 2.3038644790649414, 1.8010411262512207, 1.361006736755371, 0.9951125979423523, 1.3429632186889648, 1.7352447509765625, 2.174689292907715, 2.3860666751861572, 2.2537176609039307, 1.8672410249710083, 1.4319636821746826, 1.0134865045547485, 1.4196362495422363, 1.9238345623016357, 2.2945773601531982, 2.416996479034424, 2.147782325744629, 1.7066065073013306, 1.2954365015029907, 0.9369823932647705, 1.3022048473358154, 1.6730122566223145, 2.1184511184692383, 2.3696579933166504, 2.2746102809906006, 1.885164499282837, 1.422335147857666, 1.0356948375701904, 1.4288887977600098, 1.8686782121658325, 2.302295684814453, 2.4132676124572754, 2.194854259490967, 1.7533172369003296, 1.3418478965759277, 0.987127423286438, 1.401219367980957, 1.8374261856079102, 2.331984519958496, 2.576594352722168, 2.414425849914551, 1.9855141639709473, 1.4775710105895996, 1.0055547952651978, 1.4699352979660034, 2.0183980464935303, 2.408470869064331, 2.4286952018737793, 2.1022493839263916, 1.6815986633300781, 1.3244982957839966]
plt.title("Results of different angle on eight-angle-trained NET when k=80",fontsize=15)
plt.xlabel("Angle",fontsize=13)
plt.ylabel("Error%",fontsize=13)

plt.plot(x_values, value_1, 'r', label = 'FNO(12,32,4)')
plt.plot(x_values, value_2, 'g', label = 'FNO(20,32,4)')
plt.plot(x_values, value_3, 'b', label = 'FNO(20,64,4)')
# plt.ylim(0,20)
plt.legend()
plt.show()



x_values = list(range(64))
value20 = [1.4636497497558594, 1.7095364332199097, 1.7564555406570435, 1.7973803281784058, 1.8354147672653198, 1.872379183769226, 1.896115779876709, 1.9130312204360962, 1.9247385263442993, 1.911632776260376, 1.8782391548156738, 1.8517504930496216, 1.8077293634414673, 1.7544753551483154, 1.692720651626587, 1.6816205978393555, 1.4044512510299683, 1.6833804845809937, 1.698299527168274, 1.768283724784851, 1.7734696865081787, 1.8521111011505127, 1.8650978803634644, 1.8831191062927246, 1.8528984785079956, 1.8565661907196045, 1.8693466186523438, 1.80681312084198, 1.756506085395813, 1.7282756567001343, 1.7114894390106201, 1.6951881647109985, 1.4164103269577026, 1.6701738834381104, 1.7536412477493286, 1.797088623046875, 1.8216948509216309, 1.8694911003112793, 1.9164910316467285, 1.9567489624023438, 1.9659042358398438, 1.9498937129974365, 1.9371721744537354, 1.9059643745422363, 1.8676737546920776, 1.8204867839813232, 1.7815489768981934, 1.7863184213638306, 1.4908597469329834, 1.7616938352584839, 1.775046467781067, 1.8575164079666138, 1.8653441667556763, 1.8963236808776855, 1.9190095663070679, 1.961003303527832, 1.9401036500930786, 1.9296925067901611, 1.9218971729278564, 1.8497579097747803, 1.8119851350784302, 1.7901358604431152, 1.7654438018798828, 1.747040033340454]
value40 = [1.3104983568191528, 1.5316851139068604, 1.7827695608139038, 2.1017465591430664, 2.4883675575256348, 2.8742964267730713, 3.213806390762329, 3.4643585681915283, 3.570821523666382, 3.4519336223602295, 3.253041982650757, 2.9161970615386963, 2.5344624519348145, 2.1584556102752686, 1.8118796348571777, 1.6189504861831665, 1.3862476348876953, 1.6153945922851562, 1.830304741859436, 2.1628427505493164, 2.5276684761047363, 2.912883758544922, 3.215625762939453, 3.4244470596313477, 3.5016205310821533, 3.4576966762542725, 3.2116405963897705, 2.8401267528533936, 2.475585699081421, 2.083165168762207, 1.7748829126358032, 1.5115236043930054, 1.327155590057373, 1.547458529472351, 1.7722573280334473, 2.086946487426758, 2.456545114517212, 2.801363468170166, 3.142540216445923, 3.3498611450195312, 3.4655115604400635, 3.3436403274536133, 3.152653932571411, 2.7970504760742188, 2.4202346801757812, 2.0605850219726562, 1.742708444595337, 1.5477924346923828, 1.3190122842788696, 1.5271201133728027, 1.7224146127700806, 2.009232997894287, 2.3419227600097656, 2.6997146606445312, 3.0228586196899414, 3.2296199798583984, 3.3130393028259277, 3.24790358543396, 3.052155017852783, 2.744497299194336, 2.39878511428833, 2.0456604957580566, 1.735670804977417, 1.5104475021362305]
plt.title("Results of different angle on four-angle-trained NET",fontsize=15)
plt.xlabel("Angle",fontsize=13)
plt.ylabel("Error%",fontsize=13)

plt.plot(x_values, value20, 'r', label = 'k=20')
plt.plot(x_values, value40, 'g', label = 'k=40')
# plt.ylim(0,20)
plt.legend()
plt.show()




x_values = list(range(64))
y_values1 = [0.8425068855285645, 0.8853169083595276, 0.9330008029937744, 0.9730087518692017,
            1.0028308629989624, 1.0223066806793213, 1.0340514183044434, 1.0397204160690308,
            1.0421206951141357, 1.0430550575256348, 1.0420427322387695, 1.0393762588500977,
            1.036957025527954, 1.03123140335083, 1.0232455730438232, 1.0145659446716309,
            1.0029224157333374, 0.9923355579376221, 0.9962899684906006, 1.0122671127319336,
            1.036506175994873, 1.0668717622756958, 1.0978193283081055, 1.1157208681106567,
            1.1206926107406616, 1.102813959121704, 1.062649130821228, 1.0077332258224487,
            0.9510066509246826, 0.9060598611831665, 0.8799094557762146, 0.877126932144165,
            0.9036648869514465, 0.9405275583267212, 0.9784241318702698, 1.0109820365905762,
            1.03731369972229, 1.0558644533157349, 1.068518877029419, 1.0746990442276,
            1.0771857500076294, 1.0780785083770752, 1.075015902519226, 1.070165991783142,
            1.0644774436950684, 1.0563608407974243, 1.046699047088623, 1.0381464958190918,
            1.027909755706787, 1.0192945003509521, 1.02586030960083, 1.0431249141693115, 1.0654863119125366, 1.0916639566421509, 1.117226243019104, 1.1296240091323853, 1.132115125656128, 1.1159626245498657, 1.0812662839889526, 1.0246033668518066, 0.9536350965499878, 0.8870890140533447, 0.8388535380363464, 0.8197680115699768]
y_values2 = [1.0500701665878296, 1.4439764022827148, 1.5265291929244995, 1.6345303058624268, 1.7876337766647339, 1.9928436279296875, 2.232097864151001, 2.486989736557007, 2.7838523387908936, 3.0902674198150635, 3.4610748291015625, 3.8697383403778076, 4.326846599578857, 4.7747483253479, 5.213428497314453, 5.654268264770508, 6.1752119064331055, 6.6953301429748535, 7.2128005027771, 7.726125240325928, 8.195032119750977, 8.786890983581543, 9.379858016967773, 9.96066951751709, 10.569829940795898, 11.170920372009277, 11.757606506347656, 12.25744342803955, 12.694406509399414, 13.025283813476562, 13.327506065368652, 13.552591323852539, 13.793028831481934, 13.745210647583008, 13.55123233795166, 13.273223876953125, 12.9346342086792, 12.531070709228516, 12.006802558898926, 11.453845977783203, 10.876148223876953, 10.240753173828125, 9.579371452331543, 8.973882675170898, 8.390315055847168, 7.831002712249756, 7.347656726837158, 6.926209449768066, 6.471824645996094, 5.998762130737305, 5.5670623779296875, 5.053417205810547, 4.5784149169921875, 4.1604814529418945, 3.702937126159668, 3.2794151306152344, 2.8966708183288574, 2.584911823272705, 2.3118648529052734, 2.0047919750213623, 1.825422763824463, 1.6603496074676514, 1.54336416721344, 1.4249663352966309]
y_values3 = [0.7092140316963196, 0.8403422236442566, 1.0689748525619507, 1.4183560609817505, 1.975783348083496, 2.8392467498779297, 4.1133599281311035, 5.89894962310791, 8.245728492736816, 11.169305801391602, 14.854022979736328, 19.10504913330078, 24.528690338134766, 30.00261688232422, 35.17082214355469, 41.26068878173828, 46.465919494628906, 52.67226791381836, 58.02484893798828, 64.99790954589844, 72.1186294555664, 79.82955169677734, 87.05491638183594, 93.31576538085938, 99.12723541259766, 103.62322235107422, 107.42292785644531, 110.19085693359375, 111.93211364746094, 113.08085632324219, 113.73225402832031, 114.03703308105469, 114.23797607421875, 114.11003112792969, 113.61119842529297, 112.8154067993164, 111.45027923583984, 109.44832611083984, 106.89572143554688, 103.37754821777344, 98.98969268798828, 93.50092315673828, 87.57561492919922, 80.45543670654297, 73.2070083618164, 66.19413757324219, 58.73249816894531, 53.42228317260742, 46.82884216308594, 42.2750129699707, 36.133548736572266, 30.13059425354004, 24.4744930267334, 19.122106552124023, 14.677667617797852, 10.659411430358887, 7.83131217956543, 5.4670891761779785, 3.746530532836914, 2.6236722469329834, 1.8541018962860107, 1.37403404712677, 1.0458849668502808, 0.8457190990447998]

plt.title("Results of different angle on one-angle-trained NET",fontsize=15)
plt.xlabel("Angle",fontsize=13)
plt.ylabel("Error%",fontsize=13)

plt.plot(x_values, y_values1, 'r', label = 'k=2')
plt.plot(x_values, y_values2, 'g', label = 'k=20')
plt.plot(x_values, y_values3, 'b', label = 'k=40')
# plt.ylim(0,20)
plt.legend()
plt.show()