nohup: ignoring input
python: can't open file 'src/Datasets_Gen.py': [Errno 2] No such file or directory
nohup: ignoring input
init:  0
init:  1
init:  2
init:  3
init:  4
init:  5
init:  6
init:  7
init:  8
init:  9
init:  10
init:  11
init:  12
init:  13
init:  14
init:  15
init:  16
init:  17
init:  18
init:  19
init:  20
init:  21
init:  22
init:  23
init:  24
init:  25
init:  26
init:  27
init:  28
init:  29
init:  30
init:  31
init:  32
init:  33
init:  34
init:  35
init:  36
init:  37
init:  38
init:  39
init:  40
init:  41
init:  42
init:  43
init:  44
init:  45
init:  46
init:  47
init:  48
init:  49
init:  50
init:  51
init:  52
init:  53
init:  54
init:  55
init:  56
init:  57
init:  58
init:  59
init:  60
init:  61
init:  62
init:  63
init:  64
init:  65
init:  66
init:  67
init:  68
init:  69
init:  70
init:  71
init:  72
init:  73
init:  74
init:  75
init:  76
init:  77
init:  78
init:  79
init:  80
init:  81
init:  82
init:  83
init:  84
init:  85
init:  86
init:  87
init:  88
init:  89
init:  90
init:  91
init:  92
init:  93
init:  94
init:  95
init:  96
init:  97
init:  98
init:  99
init:  100
init:  101
init:  102
init:  103
init:  104
init:  105
init:  106
init:  107
init:  108
init:  109
init:  110
init:  111
init:  112
init:  113
init:  114
init:  115
init:  116
init:  117
init:  118
init:  119
init:  120
init:  121
init:  122
init:  123
init:  124
init:  125
init:  126
init:  127
init:  128
init:  129
init:  130
init:  131
init:  132
init:  133
init:  134
init:  135
init:  136
init:  137
init:  138
init:  139
init:  140
init:  141
init:  142
init:  143
init:  144
init:  145
init:  146
init:  147
init:  148
init:  149
init:  150
init:  151
init:  152
init:  153
init:  154
init:  155
init:  156
init:  157
init:  158
init:  159
init:  160
init:  161
init:  162
init:  163
init:  164
init:  165
init:  166
init:  167
init:  168
init:  169
init:  170
init:  171
init:  172
init:  173
init:  174
init:  175
init:  176
init:  177
init:  178
init:  179
init:  180
init:  181
init:  182
init:  183
init:  184
init:  185
init:  186
init:  187
init:  188
init:  189
init:  190
init:  191
init:  192
init:  193
init:  194
init:  195
init:  196
init:  197
init:  198
init:  199
init:  200
init:  201
init:  202
init:  203
init:  204
init:  205
init:  206
init:  207
init:  208
init:  209
init:  210
init:  211
init:  212
init:  213
init:  214
init:  215
init:  216
init:  217
init:  218
init:  219
init:  220
init:  221
init:  222
init:  223
init:  224
init:  225
init:  226
init:  227
init:  228
init:  229
init:  230
init:  231
init:  232
init:  233
init:  234
init:  235
init:  236
init:  237
init:  238
init:  239
init:  240
init:  241
init:  242
init:  243
init:  244
init:  245
init:  246
init:  247
init:  248
init:  249
init:  250
init:  251
init:  252
init:  253
init:  254
init:  255
init:  256
init:  257
init:  258
init:  259
init:  260
init:  261
init:  262
init:  263
init:  264
init:  265
init:  266
init:  267
init:  268
init:  269
init:  270
init:  271
init:  272
init:  273
init:  274
init:  275
init:  276
init:  277
init:  278
init:  279
init:  280
init:  281
init:  282
init:  283
init:  284
init:  285
init:  286
init:  287
init:  288
init:  289
init:  290
init:  291
init:  292
init:  293
init:  294
init:  295
init:  296
init:  297
init:  298
init:  299
init:  300
init:  301
init:  302
init:  303
init:  304
init:  305
init:  306
init:  307
init:  308
init:  309
init:  310
init:  311
init:  312
init:  313
init:  314
init:  315
init:  316
init:  317
init:  318
init:  319
init:  320
init:  321
init:  322
init:  323
init:  324
init:  325
init:  326
init:  327
init:  328
init:  329
init:  330
init:  331
init:  332
init:  333
init:  334
init:  335
init:  336
init:  337
init:  338
init:  339
init:  340
init:  341
init:  342
init:  343
init:  344
init:  345
init:  346
init:  347
init:  348
init:  349
init:  350
init:  351
init:  352
init:  353
init:  354
init:  355
init:  356
init:  357
init:  358
init:  359
init:  360
init:  361
init:  362
init:  363
init:  364
init:  365
init:  366
init:  367
init:  368
init:  369
init:  370
init:  371
init:  372
init:  373
init:  374
init:  375
init:  376
init:  377
init:  378
init:  379
init:  380
init:  381
init:  382
init:  383
init:  384
init:  385
init:  386
init:  387
init:  388
init:  389
init:  390
init:  391
init:  392
init:  393
init:  394
init:  395
init:  396
init:  397
init:  398
init:  399
init:  400
init:  401
init:  402
init:  403
init:  404
init:  405
init:  406
init:  407
init:  408
init:  409
init:  410
init:  411
init:  412
init:  413
init:  414
init:  415
init:  416
init:  417
init:  418
init:  419
init:  420
init:  421
init:  422
init:  423
init:  424
init:  425
init:  426
init:  427
init:  428
init:  429
init:  430
init:  431
init:  432
init:  433
init:  434
init:  435
init:  436
init:  437
init:  438
init:  439
init:  440
init:  441
init:  442
init:  443
init:  444
init:  445
init:  446
init:  447
init:  448
init:  449
init:  450
init:  451
init:  452
init:  453
init:  454
init:  455
init:  456
init:  457
init:  458
init:  459
init:  460
init:  461
init:  462
init:  463
init:  464
init:  465
init:  466
init:  467
init:  468
init:  469
init:  470
init:  471
init:  472
init:  473
init:  474
init:  475
init:  476
init:  477
init:  478
init:  479
init:  480
init:  481
init:  482
init:  483
init:  484
init:  485
init:  486
init:  487
init:  488
init:  489
init:  490
init:  491
init:  492
init:  493
init:  494
init:  495
init:  496
init:  497
init:  498
init:  499
init:  500
init:  501
init:  502
init:  503
init:  504
init:  505
init:  506
init:  507
init:  508
init:  509
init:  510
init:  511
init:  512
init:  513
init:  514
init:  515
init:  516
init:  517
init:  518
init:  519
init:  520
init:  521
init:  522
init:  523
init:  524
init:  525
init:  526
init:  527
init:  528
init:  529
init:  530
init:  531
init:  532
init:  533
init:  534
init:  535
init:  536
init:  537
init:  538
init:  539
init:  540
init:  541
init:  542
init:  543
init:  544
init:  545
init:  546
init:  547
init:  548
init:  549
init:  550
init:  551
init:  552
init:  553
init:  554
init:  555
init:  556
init:  557
init:  558
init:  559
init:  560
init:  561
init:  562
init:  563
init:  564
init:  565
init:  566
init:  567
init:  568
init:  569
init:  570
init:  571
init:  572
init:  573
init:  574
init:  575
init:  576
init:  577
init:  578
init:  579
init:  580
init:  581
init:  582
init:  583
init:  584
init:  585
init:  586
init:  587
init:  588
init:  589
init:  590
init:  591
init:  592
init:  593
init:  594
init:  595
init:  596
init:  597
init:  598
init:  599
init:  600
init:  601
init:  602
init:  603
init:  604
init:  605
init:  606
init:  607
init:  608
init:  609
init:  610
init:  611
init:  612
init:  613
init:  614
init:  615
init:  616
init:  617
init:  618
init:  619
init:  620
init:  621
init:  622
init:  623
init:  624
init:  625
init:  626
init:  627
init:  628
init:  629
init:  630
init:  631
init:  632
init:  633
init:  634
init:  635
init:  636
init:  637
init:  638
init:  639
init:  640
init:  641
init:  642
init:  643
init:  644
init:  645
init:  646
init:  647
init:  648
init:  649
init:  650
init:  651
init:  652
init:  653
init:  654
init:  655
init:  656
init:  657
init:  658
init:  659
init:  660
init:  661
init:  662
init:  663
init:  664
init:  665
init:  666
init:  667
init:  668
init:  669
init:  670
init:  671
init:  672
init:  673
init:  674
init:  675
init:  676
init:  677
init:  678
init:  679
init:  680
init:  681
init:  682
init:  683
init:  684
init:  685
init:  686
init:  687
init:  688
init:  689
init:  690
init:  691
init:  692
init:  693
init:  694
init:  695
init:  696
init:  697
init:  698
init:  699
init:  700
init:  701
init:  702
init:  703
init:  704
init:  705
init:  706
init:  707
init:  708
init:  709
init:  710
init:  711
init:  712
init:  713
init:  714
init:  715
init:  716
init:  717
init:  718
init:  719
init:  720
init:  721
init:  722
init:  723
init:  724
init:  725
init:  726
init:  727
init:  728
init:  729
init:  730
init:  731
init:  732
init:  733
init:  734
init:  735
init:  736
init:  737
init:  738
init:  739
init:  740
init:  741
init:  742
init:  743
init:  744
init:  745
init:  746
init:  747
init:  748
init:  749
init:  750
init:  751
init:  752
init:  753
init:  754
init:  755
init:  756
init:  757
init:  758
init:  759
init:  760
init:  761
init:  762
init:  763
init:  764
init:  765
init:  766
init:  767
init:  768
init:  769
init:  770
init:  771
init:  772
init:  773
init:  774
init:  775
init:  776
init:  777
init:  778
init:  779
init:  780
init:  781
init:  782
init:  783
init:  784
init:  785
init:  786
init:  787
init:  788
init:  789
init:  790
init:  791
init:  792
init:  793
init:  794
init:  795
init:  796
init:  797
init:  798
init:  799
init:  800
init:  801
init:  802
init:  803
init:  804
init:  805
init:  806
init:  807
init:  808
init:  809
init:  810
init:  811
init:  812
init:  813
init:  814
init:  815
init:  816
init:  817
init:  818
init:  819
init:  820
init:  821
init:  822
init:  823
init:  824
init:  825
init:  826
init:  827
init:  828
init:  829
init:  830
init:  831
init:  832
init:  833
init:  834
init:  835
init:  836
init:  837
init:  838
init:  839
init:  840
init:  841
init:  842
init:  843
init:  844
init:  845
init:  846
init:  847
init:  848
init:  849
init:  850
init:  851
init:  852
init:  853
init:  854
init:  855
init:  856
init:  857
init:  858
init:  859
init:  860
init:  861
init:  862
init:  863
init:  864
init:  865
init:  866
init:  867
init:  868
init:  869
init:  870
init:  871
init:  872
init:  873
init:  874
init:  875
init:  876
init:  877
init:  878
init:  879
init:  880
init:  881
init:  882
init:  883
init:  884
init:  885
init:  886
init:  887
init:  888
init:  889
init:  890
init:  891
init:  892
init:  893
init:  894
init:  895
init:  896
init:  897
init:  898
init:  899
init:  900
init:  901
init:  902
init:  903
init:  904
init:  905
init:  906
init:  907
init:  908
init:  909
init:  910
init:  911
init:  912
init:  913
init:  914
init:  915
init:  916
init:  917
init:  918
init:  919
init:  920
init:  921
init:  922
init:  923
init:  924
init:  925
init:  926
init:  927
init:  928
init:  929
init:  930
init:  931
init:  932
init:  933
init:  934
init:  935
init:  936
init:  937
init:  938
init:  939
init:  940
init:  941
init:  942
init:  943
init:  944
init:  945
init:  946
init:  947
init:  948
init:  949
init:  950
init:  951
init:  952
init:  953
init:  954
init:  955
init:  956
init:  957
init:  958
init:  959
init:  960
init:  961
init:  962
init:  963
init:  964
init:  965
init:  966
init:  967
init:  968
init:  969
init:  970
init:  971
init:  972
init:  973
init:  974
init:  975
init:  976
init:  977
init:  978
init:  979
init:  980
init:  981
init:  982
init:  983
init:  984
init:  985
init:  986
init:  987
init:  988
init:  989
init:  990
init:  991
init:  992
init:  993
init:  994
init:  995
init:  996
init:  997
init:  998
init:  999
init:  1000
init:  1001
init:  1002
init:  1003
init:  1004
init:  1005
init:  1006
init:  1007
init:  1008
init:  1009
init:  1010
init:  1011
init:  1012
init:  1013
init:  1014
init:  1015
init:  1016
init:  1017
init:  1018
init:  1019
init:  1020
init:  1021
init:  1022
init:  1023
total:  0
total:  1
total:  2
total:  3
total:  4
total:  5
total:  6
total:  7
total:  8
total:  9
total:  10
total:  11
total:  12
total:  13
total:  14
total:  15
total:  16
total:  17
total:  18
total:  19
total:  20
total:  21
total:  22
total:  23
total:  24
total:  25
total:  26
total:  27
total:  28
total:  29
total:  30
total:  31
total:  32
total:  33
total:  34
total:  35
total:  36
total:  37
total:  38
total:  39
total:  40
total:  41
total:  42
total:  43
total:  44
total:  45
total:  46
total:  47
total:  48
total:  49
total:  50
total:  51
total:  52
total:  53
total:  54
total:  55
total:  56
total:  57
total:  58
total:  59
total:  60
total:  61
total:  62
total:  63
total:  64
total:  65
total:  66
total:  67
total:  68
total:  69
total:  70
total:  71
total:  72
total:  73
total:  74
total:  75
total:  76
total:  77
total:  78
total:  79
total:  80
total:  81
total:  82
total:  83
total:  84
total:  85
total:  86
total:  87
total:  88
total:  89
total:  90
total:  91
total:  92
total:  93
total:  94
total:  95
total:  96
total:  97
total:  98
total:  99
total:  100
total:  101
total:  102
total:  103
total:  104
total:  105
total:  106
total:  107
total:  108
total:  109
total:  110
total:  111
total:  112
total:  113
total:  114
total:  115
total:  116
total:  117
total:  118
total:  119
total:  120
total:  121
total:  122
total:  123
total:  124
total:  125
total:  126
total:  127
total:  128
total:  129
total:  130
total:  131
total:  132
total:  133
total:  134
total:  135
total:  136
total:  137
total:  138
total:  139
total:  140
total:  141
total:  142
total:  143
total:  144
total:  145
total:  146
total:  147
total:  148
total:  149
total:  150
total:  151
total:  152
total:  153
total:  154
total:  155
total:  156
total:  157
total:  158
total:  159
total:  160
total:  161
total:  162
total:  163
total:  164
total:  165
total:  166
total:  167
total:  168
total:  169
total:  170
total:  171
total:  172
total:  173
total:  174
total:  175
total:  176
total:  177
total:  178
total:  179
total:  180
total:  181
total:  182
total:  183
total:  184
total:  185
total:  186
total:  187
total:  188
total:  189
total:  190
total:  191
total:  192
total:  193
total:  194
total:  195
total:  196
total:  197
total:  198
total:  199
total:  200
total:  201
total:  202
total:  203
total:  204
total:  205
total:  206
total:  207
total:  208
total:  209
total:  210
total:  211
total:  212
total:  213
total:  214
total:  215
total:  216
total:  217
total:  218
total:  219
total:  220
total:  221
total:  222
total:  223
total:  224
total:  225
total:  226
total:  227
total:  228
total:  229
total:  230
total:  231
total:  232
total:  233
total:  234
total:  235
total:  236
total:  237
total:  238
total:  239
total:  240
total:  241
total:  242
total:  243
total:  244
total:  245
total:  246
total:  247
total:  248
total:  249
total:  250
total:  251
total:  252
total:  253
total:  254
total:  255
total:  256
total:  257
total:  258
total:  259
total:  260
total:  261
total:  262
total:  263
total:  264
total:  265
total:  266
total:  267
total:  268
total:  269
total:  270
total:  271
total:  272
total:  273
total:  274
total:  275
total:  276
total:  277
total:  278
total:  279
total:  280
total:  281
total:  282
total:  283
total:  284
total:  285
total:  286
total:  287
total:  288
total:  289
total:  290
total:  291
total:  292
total:  293
total:  294
total:  295
total:  296
total:  297
total:  298
total:  299
total:  300
total:  301
total:  302
total:  303
total:  304
total:  305
total:  306
total:  307
total:  308
total:  309
total:  310
total:  311
total:  312
total:  313
total:  314
total:  315
total:  316
total:  317
total:  318
total:  319
total:  320
total:  321
total:  322
total:  323
total:  324
total:  325
total:  326
total:  327
total:  328
total:  329
total:  330
total:  331
total:  332
total:  333
total:  334
total:  335
total:  336
total:  337
total:  338
total:  339
total:  340
total:  341
total:  342
total:  343
total:  344
total:  345
total:  346
total:  347
total:  348
total:  349
total:  350
total:  351
total:  352
total:  353
total:  354
total:  355
total:  356
total:  357
total:  358
total:  359
total:  360
total:  361
total:  362
total:  363
total:  364
total:  365
total:  366
total:  367
total:  368
total:  369
total:  370
total:  371
total:  372
total:  373
total:  374
total:  375
total:  376
total:  377
total:  378
total:  379
total:  380
total:  381
total:  382
total:  383
total:  384
total:  385
total:  386
total:  387
total:  388
total:  389
total:  390
total:  391
total:  392
total:  393
total:  394
total:  395
total:  396
total:  397
total:  398
total:  399
total:  400
total:  401
total:  402
total:  403
total:  404
total:  405
total:  406
total:  407
total:  408
total:  409
total:  410
total:  411
total:  412
total:  413
total:  414
total:  415
total:  416
total:  417
total:  418
total:  419
total:  420
total:  421
total:  422
total:  423
total:  424
total:  425
total:  426
total:  427
total:  428
total:  429
total:  430
total:  431
total:  432
total:  433
total:  434
total:  435
total:  436
total:  437
total:  438
total:  439
total:  440
total:  441
total:  442
total:  443
total:  444
total:  445
total:  446
total:  447
total:  448
total:  449
total:  450
total:  451
total:  452
total:  453
total:  454
total:  455
total:  456
total:  457
total:  458
total:  459
total:  460
total:  461
total:  462
total:  463
total:  464
total:  465
total:  466
total:  467
total:  468
total:  469
total:  470
total:  471
total:  472
total:  473
total:  474
total:  475
total:  476
total:  477
total:  478
total:  479
total:  480
total:  481
total:  482
total:  483
total:  484
total:  485
total:  486
total:  487
total:  488
total:  489
total:  490
total:  491
total:  492
total:  493
total:  494
total:  495
total:  496
total:  497
total:  498
total:  499
total:  500
total:  501
total:  502
total:  503
total:  504
total:  505
total:  506
total:  507
total:  508
total:  509
total:  510
total:  511
total:  512
total:  513
total:  514
total:  515
total:  516
total:  517
total:  518
total:  519
total:  520
total:  521
total:  522
total:  523
total:  524
total:  525
total:  526
total:  527
total:  528
total:  529
total:  530
total:  531
total:  532
total:  533
total:  534
total:  535
total:  536
total:  537
total:  538
total:  539
total:  540
total:  541
total:  542
total:  543
total:  544
total:  545
total:  546
total:  547
total:  548
total:  549
total:  550
total:  551
total:  552
total:  553
total:  554
total:  555
total:  556
total:  557
total:  558
total:  559
total:  560
total:  561
total:  562
total:  563
total:  564
total:  565
total:  566
total:  567
total:  568
total:  569
total:  570
total:  571
total:  572
total:  573
total:  574
total:  575
total:  576
total:  577
total:  578
total:  579
total:  580
total:  581
total:  582
total:  583
total:  584
total:  585
total:  586
total:  587
total:  588
total:  589
total:  590
total:  591
total:  592
total:  593
total:  594
total:  595
total:  596
total:  597
total:  598
total:  599
total:  600
total:  601
total:  602
total:  603
total:  604
total:  605
total:  606
total:  607
total:  608
total:  609
total:  610
total:  611
total:  612
total:  613
total:  614
total:  615
total:  616
total:  617
total:  618
total:  619
total:  620
total:  621
total:  622
total:  623
total:  624
total:  625
total:  626
total:  627
total:  628
total:  629
total:  630
total:  631
total:  632
total:  633
total:  634
total:  635
total:  636
total:  637
total:  638
total:  639
total:  640
total:  641
total:  642
total:  643
total:  644
total:  645
total:  646
total:  647
total:  648
total:  649
total:  650
total:  651
total:  652
total:  653
total:  654
total:  655
total:  656
total:  657
total:  658
total:  659
total:  660
total:  661
total:  662
total:  663
total:  664
total:  665
total:  666
total:  667
total:  668
total:  669
total:  670
total:  671
total:  672
total:  673
total:  674
total:  675
total:  676
total:  677
total:  678
total:  679
total:  680
total:  681
total:  682
total:  683
total:  684
total:  685
total:  686
total:  687
total:  688
total:  689
total:  690
total:  691
total:  692
total:  693
total:  694
total:  695
total:  696
total:  697
total:  698
total:  699
total:  700
total:  701
total:  702
total:  703
total:  704
total:  705
total:  706
total:  707
total:  708
total:  709
total:  710
total:  711
total:  712
total:  713
total:  714
total:  715
total:  716
total:  717
total:  718
total:  719
total:  720
total:  721
total:  722
total:  723
total:  724
total:  725
total:  726
total:  727
total:  728
total:  729
total:  730
total:  731
total:  732
total:  733
total:  734
total:  735
total:  736
total:  737
total:  738
total:  739
total:  740
total:  741
total:  742
total:  743
total:  744
total:  745
total:  746
total:  747
total:  748
total:  749
total:  750
total:  751
total:  752
total:  753
total:  754
total:  755
total:  756
total:  757
total:  758
total:  759
total:  760
total:  761
total:  762
total:  763
total:  764
total:  765
total:  766
total:  767
total:  768
total:  769
total:  770
total:  771
total:  772
total:  773
total:  774
total:  775
total:  776
total:  777
total:  778
total:  779
total:  780
total:  781
total:  782
total:  783
total:  784
total:  785
total:  786
total:  787
total:  788
total:  789
total:  790
total:  791
total:  792
total:  793
total:  794
total:  795
total:  796
total:  797
total:  798
total:  799
total:  800
total:  801
total:  802
total:  803
total:  804
total:  805
total:  806
total:  807
total:  808
total:  809
total:  810
total:  811
total:  812
total:  813
total:  814
total:  815
total:  816
total:  817
total:  818
total:  819
total:  820
total:  821
total:  822
total:  823
total:  824
total:  825
total:  826
total:  827
total:  828
total:  829
total:  830
total:  831
total:  832
total:  833
total:  834
total:  835
total:  836
total:  837
total:  838
total:  839
total:  840
total:  841
total:  842
total:  843
total:  844
total:  845
total:  846
total:  847
total:  848
total:  849
total:  850
total:  851
total:  852
total:  853
total:  854
total:  855
total:  856
total:  857
total:  858
total:  859
total:  860
total:  861
total:  862
total:  863
total:  864
total:  865
total:  866
total:  867
total:  868
total:  869
total:  870
total:  871
total:  872
total:  873
total:  874
total:  875
total:  876
total:  877
total:  878
total:  879
total:  880
total:  881
total:  882
total:  883
total:  884
total:  885
total:  886
total:  887
total:  888
total:  889
total:  890
total:  891
total:  892
total:  893
total:  894
total:  895
total:  896
total:  897
total:  898
total:  899
total:  900
total:  901
total:  902
total:  903
total:  904
total:  905
total:  906
total:  907
total:  908
total:  909
total:  910
total:  911
total:  912
total:  913
total:  914
total:  915
total:  916
total:  917
total:  918
total:  919
total:  920
total:  921
total:  922
total:  923
total:  924
total:  925
total:  926
total:  927
total:  928
total:  929
total:  930
total:  931
total:  932
total:  933
total:  934
total:  935
total:  936
total:  937
total:  938
total:  939
total:  940
total:  941
total:  942
total:  943
total:  944
total:  945
total:  946
total:  947
total:  948
total:  949
total:  950
total:  951
total:  952
total:  953
total:  954
total:  955
total:  956
total:  957
total:  958
total:  959
total:  960
total:  961
total:  962
total:  963
total:  964
total:  965
total:  966
total:  967
total:  968
total:  969
total:  970
total:  971
total:  972
total:  973
total:  974
total:  975
total:  976
total:  977
total:  978
total:  979
total:  980
total:  981
total:  982
total:  983
total:  984
total:  985
total:  986
total:  987
total:  988
total:  989
total:  990
total:  991
total:  992
total:  993
total:  994
total:  995
total:  996
total:  997
total:  998
total:  999
total:  1000
total:  1001
total:  1002
total:  1003
total:  1004
total:  1005
total:  1006
total:  1007
total:  1008
total:  1009
total:  1010
total:  1011
total:  1012
total:  1013
total:  1014
total:  1015
total:  1016
total:  1017
total:  1018
total:  1019
total:  1020
total:  1021
total:  1022
total:  1023
completed
/data/liuziyang/anaconda3/envs/py37/lib/python3.7/site-packages/mumps/__init__.py:204: RuntimeWarning: undestroyed DMumpsContext

Entering DMUMPS 5.2.1 from C interface with JOB =  -2
      executing #MPI =      1 and #OMP =     64

Entering DMUMPS 5.2.1 from C interface with JOB =  -2
      executing #MPI =      1 and #OMP =     64
